# configure exec: ./configure --prefix=/Users/rahulreddy/Documents/kafka/node_modules/node-rdkafka/build/deps --libdir=/Users/rahulreddy/Documents/kafka/node_modules/node-rdkafka/build/deps --prefix=/Users/rahulreddy/Documents/kafka/node_modules/node-rdkafka/build/deps --libdir=/Users/rahulreddy/Documents/kafka/node_modules/node-rdkafka/build/deps
# On Sat 15 Jun 2019 19:19:29 IST
DBG: ccenv: WITH_CC:  --version failed: mklove/modules/configure.base: line 1204: --version: command not found
DBG: Check ccenv (WITH_CC, action cont (originally cont)) failed: command ' --version' failed:
mklove/modules/configure.base: line 1204: --version: command not found
DBG: cxxenv: WITH_CXX:  --version failed: mklove/modules/configure.base: line 1204: --version: command not found
DBG: Check cxxenv (WITH_CXX, action cont (originally cont)) failed: command ' --version' failed:
mklove/modules/configure.base: line 1204: --version: command not found
DBG: Compile check cc_g_dwarf (): gcc   -Wall -Werror _mkltmpiEEjSX.c -o _mkltmpiEEjSX.c.o  -L/Users/rahulreddy/Documents/kafka/node_modules/node-rdkafka/build/deps -gstrict-dwarf
DBG: pkgconfig: WITH_PKGCONFIG: pkg-config --version failed: mklove/modules/configure.base: line 1204: pkg-config: command not found
DBG: Check pkgconfig (WITH_PKGCONFIG, action cont (originally cont)) failed: command 'pkg-config --version' failed:
mklove/modules/configure.base: line 1204: pkg-config: command not found
DBG: install: WITH_INSTALL: install --version failed: install: illegal option -- -
usage: install [-bCcpSsv] [-B suffix] [-f flags] [-g group] [-m mode]
               [-o owner] file1 file2
       install [-bCcpSsv] [-B suffix] [-f flags] [-g group] [-m mode]
               [-o owner] file1 ... fileN directory
       install -d [-v] [-g group] [-m mode] [-o owner] directory ...
DBG: Check install (WITH_INSTALL, action cont (originally cont)) failed: command 'install --version' failed:
install: illegal option -- -
usage: install [-bCcpSsv] [-B suffix] [-f flags] [-g group] [-m mode]
               [-o owner] file1 file2
       install [-bCcpSsv] [-B suffix] [-f flags] [-g group] [-m mode]
               [-o owner] file1 ... fileN directory
       install -d [-v] [-g group] [-m mode] [-o owner] directory ...
DBG: Compile check PIC (HAVE_PIC): gcc  -gstrict-dwarf -O2 -Wall -Werror _mkltmp2yG9Cj.c -o _mkltmp2yG9Cj.c.o  -L/Users/rahulreddy/Documents/kafka/node_modules/node-rdkafka/build/deps -fPIC
DBG: Compile check gnulib (WITH_GNULD): gcc  -gstrict-dwarf -O2 -fPIC -Wall -Werror _mkltmpaffRuu.c -o _mkltmpaffRuu.c.o  -L/Users/rahulreddy/Documents/kafka/node_modules/node-rdkafka/build/deps -shared -Wl,-soname,mkltest.0
DBG: compile check for gnulib (WITH_GNULD) failed: gcc  -gstrict-dwarf -O2 -fPIC -Wall -Werror _mkltmpaffRuu.c -o _mkltmpaffRuu.c.o  -L/Users/rahulreddy/Documents/kafka/node_modules/node-rdkafka/build/deps -shared -Wl,-soname,mkltest.0: ld: unknown option: -soname
clang: error: linker command failed with exit code 1 (use -v to see invocation)
DBG: Check gnulib (WITH_GNULD, action cont (originally cont)) failed: compile check failed:
CC: CC
flags: -shared -Wl,-soname,mkltest.0
gcc  -gstrict-dwarf -O2 -fPIC -Wall -Werror _mkltmpaffRuu.c -o _mkltmpaffRuu.c.o  -L/Users/rahulreddy/Documents/kafka/node_modules/node-rdkafka/build/deps -shared -Wl,-soname,mkltest.0:
ld: unknown option: -soname
clang: error: linker command failed with exit code 1 (use -v to see invocation)
source: 
DBG: Compile check osxlib (WITH_OSXLD): gcc  -gstrict-dwarf -O2 -fPIC -Wall -Werror _mkltmpoBMn4F.c -o _mkltmpoBMn4F.c.o  -L/Users/rahulreddy/Documents/kafka/node_modules/node-rdkafka/build/deps -dynamiclib -Wl,-install_name,/tmp/mkltest.so.0
DBG: Compile check ldsflagvs (): gcc  -gstrict-dwarf -O2 -fPIC -Wall -Werror _mkltmplSRj2p.c -o _mkltmplSRj2p.c.o  -L/Users/rahulreddy/Documents/kafka/node_modules/node-rdkafka/build/deps -shared -Wl,--version-script=_mkltmps79dfD
DBG: compile check for ldsflagvs () failed: gcc  -gstrict-dwarf -O2 -fPIC -Wall -Werror _mkltmplSRj2p.c -o _mkltmplSRj2p.c.o  -L/Users/rahulreddy/Documents/kafka/node_modules/node-rdkafka/build/deps -shared -Wl,--version-script=_mkltmps79dfD: ld: unknown option: --version-script=_mkltmps79dfD
clang: error: linker command failed with exit code 1 (use -v to see invocation)
DBG: Check ldsflagvs (, action cont (originally cont)) failed: compile check failed:
CC: CC
flags: -shared -Wl,--version-script=_mkltmps79dfD
gcc  -gstrict-dwarf -O2 -fPIC -Wall -Werror _mkltmplSRj2p.c -o _mkltmplSRj2p.c.o  -L/Users/rahulreddy/Documents/kafka/node_modules/node-rdkafka/build/deps -shared -Wl,--version-script=_mkltmps79dfD:
ld: unknown option: --version-script=_mkltmps79dfD
clang: error: linker command failed with exit code 1 (use -v to see invocation)
source: 
DBG: Compile check ldsflagm (): gcc  -gstrict-dwarf -O2 -fPIC -Wall -Werror _mkltmpkdLVEx.c -o _mkltmpkdLVEx.c.o  -L/Users/rahulreddy/Documents/kafka/node_modules/node-rdkafka/build/deps -shared -Wl,-M_mkltmps79dfD
DBG: compile check for ldsflagm () failed: gcc  -gstrict-dwarf -O2 -fPIC -Wall -Werror _mkltmpkdLVEx.c -o _mkltmpkdLVEx.c.o  -L/Users/rahulreddy/Documents/kafka/node_modules/node-rdkafka/build/deps -shared -Wl,-M_mkltmps79dfD: ld: unknown option: -M_mkltmps79dfD
clang: error: linker command failed with exit code 1 (use -v to see invocation)
DBG: Check ldsflagm (, action ignore (originally ignore)) failed: compile check failed:
CC: CC
flags: -shared -Wl,-M_mkltmps79dfD
gcc  -gstrict-dwarf -O2 -fPIC -Wall -Werror _mkltmpkdLVEx.c -o _mkltmpkdLVEx.c.o  -L/Users/rahulreddy/Documents/kafka/node_modules/node-rdkafka/build/deps -shared -Wl,-M_mkltmps79dfD:
ld: unknown option: -M_mkltmps79dfD
clang: error: linker command failed with exit code 1 (use -v to see invocation)
source: 
DBG: Compile check __atomic_32 (HAVE_ATOMICS_32): gcc  -gstrict-dwarf -O2 -fPIC -Wall -Werror _mkltmpSml3Z7.c -o _mkltmpSml3Z7.c.o  -L/Users/rahulreddy/Documents/kafka/node_modules/node-rdkafka/build/deps 
DBG: Compile check __atomic_64 (HAVE_ATOMICS_64): gcc  -gstrict-dwarf -O2 -fPIC -Wall -Werror _mkltmp8efuL9.c -o _mkltmp8efuL9.c.o  -L/Users/rahulreddy/Documents/kafka/node_modules/node-rdkafka/build/deps 
DBG: Compile check socket (): gcc  -gstrict-dwarf -O2 -fPIC -Wall -Wsign-compare -Wfloat-equal -Wpointer-arith -Wcast-align -Wall -Werror _mkltmpxaXhRC.c -o _mkltmpxaXhRC.c.o  -L/Users/rahulreddy/Documents/kafka/node_modules/node-rdkafka/build/deps 
DBG: Compile check librt (): gcc  -gstrict-dwarf -O2 -fPIC -Wall -Wsign-compare -Wfloat-equal -Wpointer-arith -Wcast-align -Wall -Werror _mkltmpMFiGS9.c -o _mkltmpMFiGS9.c.o  -L/Users/rahulreddy/Documents/kafka/node_modules/node-rdkafka/build/deps -lrt
DBG: compile check for librt () failed: gcc  -gstrict-dwarf -O2 -fPIC -Wall -Wsign-compare -Wfloat-equal -Wpointer-arith -Wcast-align -Wall -Werror _mkltmpMFiGS9.c -o _mkltmpMFiGS9.c.o  -L/Users/rahulreddy/Documents/kafka/node_modules/node-rdkafka/build/deps -lrt: ld: library not found for -lrt
clang: error: linker command failed with exit code 1 (use -v to see invocation)
DBG: Check librt (, action cont (originally cont)) failed: compile check failed:
CC: CC
flags: -lrt
gcc  -gstrict-dwarf -O2 -fPIC -Wall -Wsign-compare -Wfloat-equal -Wpointer-arith -Wcast-align -Wall -Werror _mkltmpMFiGS9.c -o _mkltmpMFiGS9.c.o  -L/Users/rahulreddy/Documents/kafka/node_modules/node-rdkafka/build/deps -lrt:
ld: library not found for -lrt
clang: error: linker command failed with exit code 1 (use -v to see invocation)
source: 
DBG: Compile check c11threads (WITH_C11THREADS): gcc  -gstrict-dwarf -O2 -fPIC -Wall -Wsign-compare -Wfloat-equal -Wpointer-arith -Wcast-align -Wall -Werror _mkltmprZs18R.c -o _mkltmprZs18R.c.o  -L/Users/rahulreddy/Documents/kafka/node_modules/node-rdkafka/build/deps 
DBG: compile check for c11threads (WITH_C11THREADS) failed: gcc  -gstrict-dwarf -O2 -fPIC -Wall -Wsign-compare -Wfloat-equal -Wpointer-arith -Wcast-align -Wall -Werror _mkltmprZs18R.c -o _mkltmprZs18R.c.o  -L/Users/rahulreddy/Documents/kafka/node_modules/node-rdkafka/build/deps : _mkltmprZs18R.c:2:10: fatal error: 'threads.h' file not found
#include <threads.h>
         ^~~~~~~~~~~
1 error generated.
DBG: Check c11threads (WITH_C11THREADS, action disable (originally disable)) failed: compile check failed:
CC: CC
flags: 
gcc  -gstrict-dwarf -O2 -fPIC -Wall -Wsign-compare -Wfloat-equal -Wpointer-arith -Wcast-align -Wall -Werror _mkltmprZs18R.c -o _mkltmprZs18R.c.o  -L/Users/rahulreddy/Documents/kafka/node_modules/node-rdkafka/build/deps :
_mkltmprZs18R.c:2:10: fatal error: 'threads.h' file not found
#include <threads.h>
         ^~~~~~~~~~~
1 error generated.
source: 
#include <threads.h>


static int start_func (void *arg) {
   int iarg = *(int *)arg;
   return iarg;
}

void foo (void) {
    thrd_t thr;
    int arg = 1;
    if (thrd_create(&thr, start_func, (void *)&arg) != thrd_success) {
      ;
    }
}

DBG: Compile check libpthread (): gcc  -gstrict-dwarf -O2 -fPIC -Wall -Wsign-compare -Wfloat-equal -Wpointer-arith -Wcast-align -Wall -Werror _mkltmpBCYzgd.c -o _mkltmpBCYzgd.c.o  -L/Users/rahulreddy/Documents/kafka/node_modules/node-rdkafka/build/deps -lpthread
DBG: Compile check libdl (WITH_LIBDL): gcc  -gstrict-dwarf -O2 -fPIC -Wall -Wsign-compare -Wfloat-equal -Wpointer-arith -Wcast-align -Wall -Werror _mkltmpqqnE1x.c -o _mkltmpqqnE1x.c.o  -L/Users/rahulreddy/Documents/kafka/node_modules/node-rdkafka/build/deps -ldl
DBG: Compile check zlib (WITH_ZLIB): gcc  -gstrict-dwarf -O2 -fPIC -Wall -Wsign-compare -Wfloat-equal -Wpointer-arith -Wcast-align -Wall -Werror _mkltmpdjbdH1.c -o _mkltmpdjbdH1.c.o  -L/Users/rahulreddy/Documents/kafka/node_modules/node-rdkafka/build/deps -lz
DBG: Compile check libcrypto (): gcc  -gstrict-dwarf -O2 -fPIC -Wall -Wsign-compare -Wfloat-equal -Wpointer-arith -Wcast-align -Wall -Werror _mkltmpY4NZpk.c -o _mkltmpY4NZpk.c.o  -L/Users/rahulreddy/Documents/kafka/node_modules/node-rdkafka/build/deps -lcrypto
DBG: compile check for libcrypto () failed: gcc  -gstrict-dwarf -O2 -fPIC -Wall -Wsign-compare -Wfloat-equal -Wpointer-arith -Wcast-align -Wall -Werror _mkltmpY4NZpk.c -o _mkltmpY4NZpk.c.o  -L/Users/rahulreddy/Documents/kafka/node_modules/node-rdkafka/build/deps -lcrypto: ld: library not found for -lcrypto
clang: error: linker command failed with exit code 1 (use -v to see invocation)
DBG: Check libcrypto (, action disable (originally disable)) failed: compile check failed:
CC: CC
flags: -lcrypto
gcc  -gstrict-dwarf -O2 -fPIC -Wall -Wsign-compare -Wfloat-equal -Wpointer-arith -Wcast-align -Wall -Werror _mkltmpY4NZpk.c -o _mkltmpY4NZpk.c.o  -L/Users/rahulreddy/Documents/kafka/node_modules/node-rdkafka/build/deps -lcrypto:
ld: library not found for -lcrypto
clang: error: linker command failed with exit code 1 (use -v to see invocation)
source: 
DBG: Compile check libzstd (WITH_ZSTD): gcc  -gstrict-dwarf -O2 -fPIC -Wall -Wsign-compare -Wfloat-equal -Wpointer-arith -Wcast-align -Wall -Werror _mkltmp8NGdvo.c -o _mkltmp8NGdvo.c.o  -L/Users/rahulreddy/Documents/kafka/node_modules/node-rdkafka/build/deps -lzstd
DBG: compile check for libzstd (WITH_ZSTD) failed: gcc  -gstrict-dwarf -O2 -fPIC -Wall -Wsign-compare -Wfloat-equal -Wpointer-arith -Wcast-align -Wall -Werror _mkltmp8NGdvo.c -o _mkltmp8NGdvo.c.o  -L/Users/rahulreddy/Documents/kafka/node_modules/node-rdkafka/build/deps -lzstd: _mkltmp8NGdvo.c:2:10: fatal error: 'zstd.h' file not found
#include <zstd.h>
         ^~~~~~~~
1 error generated.
DBG: Check libzstd (WITH_ZSTD, action disable (originally disable)) failed: compile check failed:
CC: CC
flags: -lzstd
gcc  -gstrict-dwarf -O2 -fPIC -Wall -Wsign-compare -Wfloat-equal -Wpointer-arith -Wcast-align -Wall -Werror _mkltmp8NGdvo.c -o _mkltmp8NGdvo.c.o  -L/Users/rahulreddy/Documents/kafka/node_modules/node-rdkafka/build/deps -lzstd:
_mkltmp8NGdvo.c:2:10: fatal error: 'zstd.h' file not found
#include <zstd.h>
         ^~~~~~~~
1 error generated.
source: 
#include <zstd.h>
#include <zstd_errors.h>

void foo (void) {
     ZSTD_getFrameContentSize(NULL, 0);
}

DBG: Compile check libm (): gcc  -gstrict-dwarf -O2 -fPIC -Wall -Wsign-compare -Wfloat-equal -Wpointer-arith -Wcast-align -Wall -Werror _mkltmpXSiF3k.c -o _mkltmpXSiF3k.c.o  -L/Users/rahulreddy/Documents/kafka/node_modules/node-rdkafka/build/deps -lm
DBG: Compile check liblz4 (WITH_LZ4_EXT): gcc  -gstrict-dwarf -O2 -fPIC -Wall -Wsign-compare -Wfloat-equal -Wpointer-arith -Wcast-align -Wall -Werror _mkltmpAmdRYd.c -o _mkltmpAmdRYd.c.o  -L/Users/rahulreddy/Documents/kafka/node_modules/node-rdkafka/build/deps -llz4
DBG: compile check for liblz4 (WITH_LZ4_EXT) failed: gcc  -gstrict-dwarf -O2 -fPIC -Wall -Wsign-compare -Wfloat-equal -Wpointer-arith -Wcast-align -Wall -Werror _mkltmpAmdRYd.c -o _mkltmpAmdRYd.c.o  -L/Users/rahulreddy/Documents/kafka/node_modules/node-rdkafka/build/deps -llz4: _mkltmpAmdRYd.c:1:10: fatal error: 'lz4frame.h' file not found
#include <lz4frame.h>
         ^~~~~~~~~~~~
1 error generated.
DBG: Check liblz4 (WITH_LZ4_EXT, action disable (originally disable)) failed: compile check failed:
CC: CC
flags: -llz4
gcc  -gstrict-dwarf -O2 -fPIC -Wall -Wsign-compare -Wfloat-equal -Wpointer-arith -Wcast-align -Wall -Werror _mkltmpAmdRYd.c -o _mkltmpAmdRYd.c.o  -L/Users/rahulreddy/Documents/kafka/node_modules/node-rdkafka/build/deps -llz4:
_mkltmpAmdRYd.c:1:10: fatal error: 'lz4frame.h' file not found
#include <lz4frame.h>
         ^~~~~~~~~~~~
1 error generated.
source: #include <lz4frame.h>
DBG: Compile check rapidjson (WITH_RAPIDJSON): g++  -gstrict-dwarf -O2 -fPIC -Wall -Wsign-compare -Wfloat-equal -Wpointer-arith -Wcast-align -Wall -Werror _mkltmpwALkvR.cpp -o _mkltmpwALkvR.cpp.o  -L/Users/rahulreddy/Documents/kafka/node_modules/node-rdkafka/build/deps 
DBG: compile check for rapidjson (WITH_RAPIDJSON) failed: g++  -gstrict-dwarf -O2 -fPIC -Wall -Wsign-compare -Wfloat-equal -Wpointer-arith -Wcast-align -Wall -Werror _mkltmpwALkvR.cpp -o _mkltmpwALkvR.cpp.o  -L/Users/rahulreddy/Documents/kafka/node_modules/node-rdkafka/build/deps : _mkltmpwALkvR.cpp:1:10: fatal error: 'rapidjson/schema.h' file not found
#include <rapidjson/schema.h>
         ^~~~~~~~~~~~~~~~~~~~
1 error generated.
DBG: Check rapidjson (WITH_RAPIDJSON, action disable (originally disable)) failed: compile check failed:
CC: CXX
flags: 
g++  -gstrict-dwarf -O2 -fPIC -Wall -Wsign-compare -Wfloat-equal -Wpointer-arith -Wcast-align -Wall -Werror _mkltmpwALkvR.cpp -o _mkltmpwALkvR.cpp.o  -L/Users/rahulreddy/Documents/kafka/node_modules/node-rdkafka/build/deps :
_mkltmpwALkvR.cpp:1:10: fatal error: 'rapidjson/schema.h' file not found
#include <rapidjson/schema.h>
         ^~~~~~~~~~~~~~~~~~~~
1 error generated.
source: #include <rapidjson/schema.h>
DBG: Compile check libssl (WITH_SSL): gcc  -gstrict-dwarf -O2 -fPIC -Wall -Wsign-compare -Wfloat-equal -Wpointer-arith -Wcast-align -Wall -Werror _mkltmp5CCdOw.c -o _mkltmp5CCdOw.c.o  -L/Users/rahulreddy/Documents/kafka/node_modules/node-rdkafka/build/deps -lssl
DBG: compile check for libssl (WITH_SSL) failed: gcc  -gstrict-dwarf -O2 -fPIC -Wall -Wsign-compare -Wfloat-equal -Wpointer-arith -Wcast-align -Wall -Werror _mkltmp5CCdOw.c -o _mkltmp5CCdOw.c.o  -L/Users/rahulreddy/Documents/kafka/node_modules/node-rdkafka/build/deps -lssl: _mkltmp5CCdOw.c:1:10: fatal error: 'openssl/ssl.h' file not found
#include <openssl/ssl.h>
         ^~~~~~~~~~~~~~~
1 error generated.
DBG: Check libssl (WITH_SSL, action disable (originally disable)) failed: compile check failed:
CC: CC
flags: -lssl
gcc  -gstrict-dwarf -O2 -fPIC -Wall -Wsign-compare -Wfloat-equal -Wpointer-arith -Wcast-align -Wall -Werror _mkltmp5CCdOw.c -o _mkltmp5CCdOw.c.o  -L/Users/rahulreddy/Documents/kafka/node_modules/node-rdkafka/build/deps -lssl:
_mkltmp5CCdOw.c:1:10: fatal error: 'openssl/ssl.h' file not found
#include <openssl/ssl.h>
         ^~~~~~~~~~~~~~~
1 error generated.
source: #include <openssl/ssl.h>
DBG: Compile check libsasl2 (WITH_SASL_CYRUS): gcc  -gstrict-dwarf -O2 -fPIC -Wall -Wsign-compare -Wfloat-equal -Wpointer-arith -Wcast-align -Wall -Werror _mkltmp1VlBL8.c -o _mkltmp1VlBL8.c.o  -L/Users/rahulreddy/Documents/kafka/node_modules/node-rdkafka/build/deps -lsasl2
DBG: Compile check crc32chw (WITH_CRC32C_HW): gcc  -gstrict-dwarf -O2 -fPIC -Wall -Wsign-compare -Wfloat-equal -Wpointer-arith -Wcast-align -Wall -Werror _mkltmpsEa9ON.c -o _mkltmpsEa9ON.c.o  -L/Users/rahulreddy/Documents/kafka/node_modules/node-rdkafka/build/deps 
DBG: Compile check regex (HAVE_REGEX): gcc  -gstrict-dwarf -O2 -fPIC -Wall -Wsign-compare -Wfloat-equal -Wpointer-arith -Wcast-align -Wall -Werror _mkltmppxyPzR.c -o _mkltmppxyPzR.c.o  -L/Users/rahulreddy/Documents/kafka/node_modules/node-rdkafka/build/deps 
DBG: Compile check strndup (HAVE_STRNDUP): gcc  -gstrict-dwarf -O2 -fPIC -Wall -Wsign-compare -Wfloat-equal -Wpointer-arith -Wcast-align -Wall -Werror _mkltmp5Izyib.c -o _mkltmp5Izyib.c.o  -L/Users/rahulreddy/Documents/kafka/node_modules/node-rdkafka/build/deps 
DBG: Compile check strerror_r (HAVE_STRERROR_R): gcc  -gstrict-dwarf -O2 -fPIC -Wall -Wsign-compare -Wfloat-equal -Wpointer-arith -Wcast-align -Wall -Werror _mkltmp2SXDGm.c -o _mkltmp2SXDGm.c.o  -L/Users/rahulreddy/Documents/kafka/node_modules/node-rdkafka/build/deps 
DBG: Compile check pthread_setname_gnu (HAVE_PTHREAD_SETNAME_GNU): gcc  -gstrict-dwarf -O2 -fPIC -Wall -Wsign-compare -Wfloat-equal -Wpointer-arith -Wcast-align -Wall -Werror _mkltmpbGY05S.c -o _mkltmpbGY05S.c.o  -L/Users/rahulreddy/Documents/kafka/node_modules/node-rdkafka/build/deps -D_GNU_SOURCE -lpthread
DBG: compile check for pthread_setname_gnu (HAVE_PTHREAD_SETNAME_GNU) failed: gcc  -gstrict-dwarf -O2 -fPIC -Wall -Wsign-compare -Wfloat-equal -Wpointer-arith -Wcast-align -Wall -Werror _mkltmpbGY05S.c -o _mkltmpbGY05S.c.o  -L/Users/rahulreddy/Documents/kafka/node_modules/node-rdkafka/build/deps -D_GNU_SOURCE -lpthread: _mkltmpbGY05S.c:5:38: error: too many arguments to function call, expected 1, have 2
  pthread_setname_np(pthread_self(), "abc");
  ~~~~~~~~~~~~~~~~~~                 ^~~~~
/Library/Developer/CommandLineTools/SDKs/MacOSX10.14.sdk/usr/include/pthread.h:512:1: note: 'pthread_setname_np' declared here
__API_AVAILABLE(macos(10.6), ios(3.2))
^
/Library/Developer/CommandLineTools/SDKs/MacOSX10.14.sdk/usr/include/Availability.h:443:144: note: expanded from macro '__API_AVAILABLE'
    #define __API_AVAILABLE(...) __API_AVAILABLE_GET_MACRO(__VA_ARGS__,__API_AVAILABLE6, __API_AVAILABLE5, __API_AVAILABLE4, __API_AVAILABLE3, __API_AVAILABLE2, __API_AVAILABLE1, 0)(__VA_ARGS__)
                                                                                                                                               ^
1 error generated.
DBG: Check pthread_setname_gnu (HAVE_PTHREAD_SETNAME_GNU, action disable (originally disable)) failed: compile check failed:
CC: CC
flags: -D_GNU_SOURCE -lpthread
gcc  -gstrict-dwarf -O2 -fPIC -Wall -Wsign-compare -Wfloat-equal -Wpointer-arith -Wcast-align -Wall -Werror _mkltmpbGY05S.c -o _mkltmpbGY05S.c.o  -L/Users/rahulreddy/Documents/kafka/node_modules/node-rdkafka/build/deps -D_GNU_SOURCE -lpthread:
_mkltmpbGY05S.c:5:38: error: too many arguments to function call, expected 1, have 2
  pthread_setname_np(pthread_self(), "abc");
  ~~~~~~~~~~~~~~~~~~                 ^~~~~
/Library/Developer/CommandLineTools/SDKs/MacOSX10.14.sdk/usr/include/pthread.h:512:1: note: 'pthread_setname_np' declared here
__API_AVAILABLE(macos(10.6), ios(3.2))
^
/Library/Developer/CommandLineTools/SDKs/MacOSX10.14.sdk/usr/include/Availability.h:443:144: note: expanded from macro '__API_AVAILABLE'
    #define __API_AVAILABLE(...) __API_AVAILABLE_GET_MACRO(__VA_ARGS__,__API_AVAILABLE6, __API_AVAILABLE5, __API_AVAILABLE4, __API_AVAILABLE3, __API_AVAILABLE2, __API_AVAILABLE1, 0)(__VA_ARGS__)
                                                                                                                                               ^
1 error generated.
source: 
#include <pthread.h>

void foo (void) {
  pthread_setname_np(pthread_self(), "abc");
}

